#
# There is insufficient memory for the Java Runtime Environment to continue.
# Native memory allocation (malloc) failed to allocate 32744 bytes for ChunkPool::allocate
# Possible reasons:
#   The system is out of physical RAM or swap space
#   The process is running with CompressedOops enabled, and the Java Heap may be blocking the growth of the native heap
# Possible solutions:
#   Reduce memory load on the system
#   Increase physical memory or swap space
#   Check if swap backing store is full
#   Decrease Java heap size (-Xmx/-Xms)
#   Decrease number of Java threads
#   Decrease Java thread stack sizes (-Xss)
#   Set larger code cache with -XX:ReservedCodeCacheSize=
#   JVM is running with Unscaled Compressed Oops mode in which the Java heap is
#     placed in the first 4GB address space. The Java Heap base address is the
#     maximum limit for the native heap growth. Please use -XX:HeapBaseMinAddress
#     to set the Java Heap base and to place the Java Heap above 4GB virtual address.
# This output file may be truncated or incomplete.
#
#  Out of Memory Error (allocation.cpp:272), pid=12376, tid=0x0000000000002e60
#
# JRE version: OpenJDK Runtime Environment (8.0_242-b01) (build 1.8.0_242-release-1644-b01)
# Java VM: OpenJDK 64-Bit Server VM (25.242-b01 mixed mode windows-amd64 compressed oops)
# Failed to write core dump. Minidumps are not enabled by default on client versions of Windows
#

---------------  T H R E A D  ---------------

Current thread (0x0000000015d85800):  JavaThread "C2 CompilerThread0" daemon [_thread_in_native, id=11872, stack(0x00000000173e0000,0x00000000174e0000)]

Stack: [0x00000000173e0000,0x00000000174e0000]
[error occurred during error reporting (printing stack bounds), id 0xc0000005]

Native frames: (J=compiled Java code, j=interpreted, Vv=VM code, C=native code)


Current CompileTask:
C2:   4006 1924   !   4       java.net.URLClassLoader$1::run (63 bytes)


---------------  P R O C E S S  ---------------

Java Threads: ( => current thread )
  0x0000000015ddc000 JavaThread "Service Thread" daemon [_thread_blocked, id=9340, stack(0x0000000017ae0000,0x0000000017be0000)]
  0x0000000015d9b000 JavaThread "C1 CompilerThread2" daemon [_thread_blocked, id=3412, stack(0x00000000175e0000,0x00000000176e0000)]
  0x0000000015d8a000 JavaThread "C2 CompilerThread1" daemon [_thread_in_native, id=10724, stack(0x00000000174e0000,0x00000000175e0000)]
=>0x0000000015d85800 JavaThread "C2 CompilerThread0" daemon [_thread_in_native, id=11872, stack(0x00000000173e0000,0x00000000174e0000)]
  0x0000000015d84000 JavaThread "Attach Listener" daemon [_thread_blocked, id=6436, stack(0x00000000172e0000,0x00000000173e0000)]
  0x0000000015d82800 JavaThread "Signal Dispatcher" daemon [_thread_blocked, id=13128, stack(0x00000000171e0000,0x00000000172e0000)]
  0x00000000023ad000 JavaThread "Finalizer" daemon [_thread_blocked, id=4236, stack(0x0000000016fe0000,0x00000000170e0000)]
  0x0000000015d69000 JavaThread "Reference Handler" daemon [_thread_blocked, id=3364, stack(0x0000000016ee0000,0x0000000016fe0000)]
  0x00000000022b3000 JavaThread "main" [_thread_in_native, id=11440, stack(0x00000000009b0000,0x0000000000ab0000)]

Other Threads:
  0x0000000015d46000 VMThread [stack: 0x0000000016de0000,0x0000000016ee0000] [id=780]
  0x0000000015ddd000 WatcherThread [stack: 0x0000000017be0000,0x0000000017ce0000] [id=4692]

VM state:not at safepoint (normal execution)

VM Mutex/Monitor currently owned by a thread: None

heap address: 0x00000000a1800000, size: 1512 MB, Compressed Oops mode: 32-bit
Narrow klass base: 0x0000000000000000, Narrow klass shift: 3
Compressed class space size: 1073741824 Address: 0x0000000100000000

Heap:
 PSYoungGen      total 53248K, used 9518K [0x00000000e0800000, 0x00000000e4000000, 0x0000000100000000)
  eden space 49152K, 11% used [0x00000000e0800000,0x00000000e0d4e278,0x00000000e3800000)
  from space 4096K, 99% used [0x00000000e3800000,0x00000000e3bfd908,0x00000000e3c00000)
  to   space 4096K, 0% used [0x00000000e3c00000,0x00000000e3c00000,0x00000000e4000000)
 ParOldGen       total 74752K, used 27520K [0x00000000a1800000, 0x00000000a6100000, 0x00000000e0800000)
  object space 74752K, 36% used [0x00000000a1800000,0x00000000a32e0180,0x00000000a6100000)
 Metaspace       used 28345K, capacity 28882K, committed 29184K, reserved 1075200K
  class space    used 3596K, capacity 3765K, committed 3840K, reserved 1048576K

Card table byte_map: [0x00000000119a0000,0x0000000011ca0000] byte_map_base: 0x0000000011494000

Marking Bits: (ParMarkBitMap*) 0x00000000693ff030
 Begin Bits: [0x00000000121a0000, 0x0000000013940000)
 End Bits:   [0x0000000013940000, 0x00000000150e0000)

Polling page: 0x0000000000550000

CodeCache: size=245760Kb used=6317Kb max_used=6317Kb free=239442Kb
 bounds [0x00000000025e0000, 0x0000000002c10000, 0x00000000115e0000]
 total_blobs=2502 nmethods=2037 adapters=378
 compilation: enabled

Compilation events (10 events):
Event: 3.993 Thread 0x0000000015d9b000 2045       3       org.jetbrains.kotlin.protobuf.CodedOutputStream::computeRawVarint32Size (41 bytes)
Event: 3.993 Thread 0x0000000015d9b000 nmethod 2045 0x0000000002c0c490 code [0x0000000002c0c600, 0x0000000002c0c890]
Event: 3.995 Thread 0x0000000015d9b000 2046       3       org.jetbrains.kotlin.protobuf.WireFormat::makeTag (6 bytes)
Event: 3.995 Thread 0x0000000015d9b000 nmethod 2046 0x0000000002c0c910 code [0x0000000002c0ca60, 0x0000000002c0cb90]
Event: 3.995 Thread 0x0000000015d9b000 2047       3       org.jetbrains.kotlin.protobuf.CodedOutputStream::writeRawVarint32 (33 bytes)
Event: 3.996 Thread 0x0000000015d9b000 nmethod 2047 0x0000000002c0cc10 code [0x0000000002c0cda0, 0x0000000002c0d2d8]
Event: 4.003 Thread 0x0000000015d9b000 2048       3       java.lang.invoke.MethodHandles$Lookup::checkSymbolicClass (42 bytes)
Event: 4.004 Thread 0x0000000015d9b000 nmethod 2048 0x0000000002c0da90 code [0x0000000002c0dcc0, 0x0000000002c0e798]
Event: 4.004 Thread 0x0000000015d9b000 2049       3       java.lang.invoke.MethodHandles$Lookup::<init> (15 bytes)
Event: 4.004 Thread 0x0000000015d9b000 nmethod 2049 0x0000000002c0ec90 code [0x0000000002c0ede0, 0x0000000002c0efb0]

GC Heap History (10 events):
Event: 1.257 GC heap before
{Heap before GC invocations=2 (full 0):
 PSYoungGen      total 28672K, used 28655K [0x00000000e0800000, 0x00000000e2800000, 0x0000000100000000)
  eden space 24576K, 100% used [0x00000000e0800000,0x00000000e2000000,0x00000000e2000000)
  from space 4096K, 99% used [0x00000000e2000000,0x00000000e23fbca8,0x00000000e2400000)
  to   space 4096K, 0% used [0x00000000e2400000,0x00000000e2400000,0x00000000e2800000)
 ParOldGen       total 65536K, used 1468K [0x00000000a1800000, 0x00000000a5800000, 0x00000000e0800000)
  object space 65536K, 2% used [0x00000000a1800000,0x00000000a196f010,0x00000000a5800000)
 Metaspace       used 12076K, capacity 12314K, committed 12416K, reserved 1060864K
  class space    used 1305K, capacity 1387K, committed 1408K, reserved 1048576K
Event: 1.267 GC heap after
Heap after GC invocations=2 (full 0):
 PSYoungGen      total 28672K, used 4080K [0x00000000e0800000, 0x00000000e4000000, 0x0000000100000000)
  eden space 24576K, 0% used [0x00000000e0800000,0x00000000e0800000,0x00000000e2000000)
  from space 4096K, 99% used [0x00000000e2400000,0x00000000e27fc2f8,0x00000000e2800000)
  to   space 4096K, 0% used [0x00000000e2000000,0x00000000e2000000,0x00000000e2400000)
 ParOldGen       total 65536K, used 4642K [0x00000000a1800000, 0x00000000a5800000, 0x00000000e0800000)
  object space 65536K, 7% used [0x00000000a1800000,0x00000000a1c88aa8,0x00000000a5800000)
 Metaspace       used 12076K, capacity 12314K, committed 12416K, reserved 1060864K
  class space    used 1305K, capacity 1387K, committed 1408K, reserved 1048576K
}
Event: 1.840 GC heap before
{Heap before GC invocations=3 (full 0):
 PSYoungGen      total 28672K, used 28656K [0x00000000e0800000, 0x00000000e4000000, 0x0000000100000000)
  eden space 24576K, 100% used [0x00000000e0800000,0x00000000e2000000,0x00000000e2000000)
  from space 4096K, 99% used [0x00000000e2400000,0x00000000e27fc2f8,0x00000000e2800000)
  to   space 4096K, 0% used [0x00000000e2000000,0x00000000e2000000,0x00000000e2400000)
 ParOldGen       total 65536K, used 4642K [0x00000000a1800000, 0x00000000a5800000, 0x00000000e0800000)
  object space 65536K, 7% used [0x00000000a1800000,0x00000000a1c88aa8,0x00000000a5800000)
 Metaspace       used 18454K, capacity 18844K, committed 18944K, reserved 1067008K
  class space    used 2115K, capacity 2220K, committed 2304K, reserved 1048576K
Event: 1.851 GC heap after
Heap after GC invocations=3 (full 0):
 PSYoungGen      total 28672K, used 4080K [0x00000000e0800000, 0x00000000e4000000, 0x0000000100000000)
  eden space 24576K, 0% used [0x00000000e0800000,0x00000000e0800000,0x00000000e2000000)
  from space 4096K, 99% used [0x00000000e2000000,0x00000000e23fc010,0x00000000e2400000)
  to   space 4096K, 0% used [0x00000000e3c00000,0x00000000e3c00000,0x00000000e4000000)
 ParOldGen       total 65536K, used 10511K [0x00000000a1800000, 0x00000000a5800000, 0x00000000e0800000)
  object space 65536K, 16% used [0x00000000a1800000,0x00000000a2243f50,0x00000000a5800000)
 Metaspace       used 18454K, capacity 18844K, committed 18944K, reserved 1067008K
  class space    used 2115K, capacity 2220K, committed 2304K, reserved 1048576K
}
Event: 2.159 GC heap before
{Heap before GC invocations=4 (full 0):
 PSYoungGen      total 28672K, used 27488K [0x00000000e0800000, 0x00000000e4000000, 0x0000000100000000)
  eden space 24576K, 95% used [0x00000000e0800000,0x00000000e1edc040,0x00000000e2000000)
  from space 4096K, 99% used [0x00000000e2000000,0x00000000e23fc010,0x00000000e2400000)
  to   space 4096K, 0% used [0x00000000e3c00000,0x00000000e3c00000,0x00000000e4000000)
 ParOldGen       total 65536K, used 10511K [0x00000000a1800000, 0x00000000a5800000, 0x00000000e0800000)
  object space 65536K, 16% used [0x00000000a1800000,0x00000000a2243f50,0x00000000a5800000)
 Metaspace       used 20738K, capacity 21142K, committed 21248K, reserved 1069056K
  class space    used 2363K, capacity 2491K, committed 2560K, reserved 1048576K
Event: 2.207 GC heap after
Heap after GC invocations=4 (full 0):
 PSYoungGen      total 53248K, used 4064K [0x00000000e0800000, 0x00000000e4000000, 0x0000000100000000)
  eden space 49152K, 0% used [0x00000000e0800000,0x00000000e0800000,0x00000000e3800000)
  from space 4096K, 99% used [0x00000000e3c00000,0x00000000e3ff8040,0x00000000e4000000)
  to   space 4096K, 0% used [0x00000000e3800000,0x00000000e3800000,0x00000000e3c00000)
 ParOldGen       total 65536K, used 25772K [0x00000000a1800000, 0x00000000a5800000, 0x00000000e0800000)
  object space 65536K, 39% used [0x00000000a1800000,0x00000000a312b000,0x00000000a5800000)
 Metaspace       used 20738K, capacity 21142K, committed 21248K, reserved 1069056K
  class space    used 2363K, capacity 2491K, committed 2560K, reserved 1048576K
}
Event: 2.207 GC heap before
{Heap before GC invocations=5 (full 1):
 PSYoungGen      total 53248K, used 4064K [0x00000000e0800000, 0x00000000e4000000, 0x0000000100000000)
  eden space 49152K, 0% used [0x00000000e0800000,0x00000000e0800000,0x00000000e3800000)
  from space 4096K, 99% used [0x00000000e3c00000,0x00000000e3ff8040,0x00000000e4000000)
  to   space 4096K, 0% used [0x00000000e3800000,0x00000000e3800000,0x00000000e3c00000)
 ParOldGen       total 65536K, used 25772K [0x00000000a1800000, 0x00000000a5800000, 0x00000000e0800000)
  object space 65536K, 39% used [0x00000000a1800000,0x00000000a312b000,0x00000000a5800000)
 Metaspace       used 20738K, capacity 21142K, committed 21248K, reserved 1069056K
  class space    used 2363K, capacity 2491K, committed 2560K, reserved 1048576K
Event: 2.331 GC heap after
Heap after GC invocations=5 (full 1):
 PSYoungGen      total 53248K, used 0K [0x00000000e0800000, 0x00000000e4000000, 0x0000000100000000)
  eden space 49152K, 0% used [0x00000000e0800000,0x00000000e0800000,0x00000000e3800000)
  from space 4096K, 0% used [0x00000000e3c00000,0x00000000e3c00000,0x00000000e4000000)
  to   space 4096K, 0% used [0x00000000e3800000,0x00000000e3800000,0x00000000e3c00000)
 ParOldGen       total 74752K, used 20727K [0x00000000a1800000, 0x00000000a6100000, 0x00000000e0800000)
  object space 74752K, 27% used [0x00000000a1800000,0x00000000a2c3dd70,0x00000000a6100000)
 Metaspace       used 20738K, capacity 21142K, committed 21248K, reserved 1069056K
  class space    used 2363K, capacity 2491K, committed 2560K, reserved 1048576K
}
Event: 3.885 GC heap before
{Heap before GC invocations=6 (full 1):
 PSYoungGen      total 53248K, used 49152K [0x00000000e0800000, 0x00000000e4000000, 0x0000000100000000)
  eden space 49152K, 100% used [0x00000000e0800000,0x00000000e3800000,0x00000000e3800000)
  from space 4096K, 0% used [0x00000000e3c00000,0x00000000e3c00000,0x00000000e4000000)
  to   space 4096K, 0% used [0x00000000e3800000,0x00000000e3800000,0x00000000e3c00000)
 ParOldGen       total 74752K, used 20727K [0x00000000a1800000, 0x00000000a6100000, 0x00000000e0800000)
  object space 74752K, 27% used [0x00000000a1800000,0x00000000a2c3dd70,0x00000000a6100000)
 Metaspace       used 27790K, capacity 28390K, committed 28672K, reserved 1075200K
  class space    used 3538K, capacity 3731K, committed 3840K, reserved 1048576K
Event: 3.901 GC heap after
Heap after GC invocations=6 (full 1):
 PSYoungGen      total 53248K, used 4086K [0x00000000e0800000, 0x00000000e4000000, 0x0000000100000000)
  eden space 49152K, 0% used [0x00000000e0800000,0x00000000e0800000,0x00000000e3800000)
  from space 4096K, 99% used [0x00000000e3800000,0x00000000e3bfd908,0x00000000e3c00000)
  to   space 4096K, 0% used [0x00000000e3c00000,0x00000000e3c00000,0x00000000e4000000)
 ParOldGen       total 74752K, used 27520K [0x00000000a1800000, 0x00000000a6100000, 0x00000000e0800000)
  object space 74752K, 36% used [0x00000000a1800000,0x00000000a32e0180,0x00000000a6100000)
 Metaspace       used 27790K, capacity 28390K, committed 28672K, reserved 1075200K
  class space    used 3538K, capacity 3731K, committed 3840K, reserved 1048576K
}

Deoptimization events (10 events):
Event: 3.282 Thread 0x00000000022b3000 Uncommon trap: reason=class_check action=maybe_recompile pc=0x0000000002b61c88 method=gnu.trove.TObjectHash.equals(Ljava/lang/Object;Ljava/lang/Object;)Z @ 6
Event: 3.282 Thread 0x00000000022b3000 Uncommon trap: reason=class_check action=maybe_recompile pc=0x0000000002b61c88 method=gnu.trove.TObjectHash.equals(Ljava/lang/Object;Ljava/lang/Object;)Z @ 6
Event: 3.282 Thread 0x00000000022b3000 Uncommon trap: reason=class_check action=maybe_recompile pc=0x0000000002b47a84 method=org.jetbrains.kotlin.com.intellij.util.text.ByteArrayCharSequence.toBytesIfPossible(Ljava/lang/CharSequence;)[B @ 25
Event: 3.318 Thread 0x00000000022b3000 Uncommon trap: reason=class_check action=maybe_recompile pc=0x0000000002b7ac14 method=gnu.trove.TObjectHash.computeHashCode(Ljava/lang/Object;)I @ 5
Event: 3.318 Thread 0x00000000022b3000 Uncommon trap: reason=class_check action=maybe_recompile pc=0x0000000002b47a84 method=org.jetbrains.kotlin.com.intellij.util.text.ByteArrayCharSequence.toBytesIfPossible(Ljava/lang/CharSequence;)[B @ 25
Event: 3.319 Thread 0x00000000022b3000 Uncommon trap: reason=class_check action=maybe_recompile pc=0x0000000002b7ac14 method=gnu.trove.TObjectHash.computeHashCode(Ljava/lang/Object;)I @ 5
Event: 3.319 Thread 0x00000000022b3000 Uncommon trap: reason=class_check action=maybe_recompile pc=0x0000000002b47a84 method=org.jetbrains.kotlin.com.intellij.util.text.ByteArrayCharSequence.toBytesIfPossible(Ljava/lang/CharSequence;)[B @ 25
Event: 3.327 Thread 0x00000000022b3000 Uncommon trap: reason=class_check action=maybe_recompile pc=0x0000000002b74520 method=gnu.trove.TObjectHash.computeHashCode(Ljava/lang/Object;)I @ 5
Event: 3.327 Thread 0x00000000022b3000 Uncommon trap: reason=unstable_if action=reinterpret pc=0x0000000002b918fc method=org.jetbrains.kotlin.com.intellij.util.text.ByteArrayCharSequence.toBytesIfPossible(Ljava/lang/CharSequence;)[B @ 89
Event: 3.355 Thread 0x00000000022b3000 Uncommon trap: reason=class_check action=maybe_recompile pc=0x0000000002b6d320 method=gnu.trove.TObjectHash.computeHashCode(Ljava/lang/Object;)I @ 5

Classes redefined (0 events):
No events

Internal exceptions (10 events):
Event: 0.579 Thread 0x00000000022b3000 Exception <a 'java/security/PrivilegedActionException'> (0x00000000e17d9ac8) thrown at [C:\src\AOSP-openjdk-git\hotspot\src\share\vm\prims\jvm.cpp, line 1502]
Event: 0.579 Thread 0x00000000022b3000 Exception <a 'java/security/PrivilegedActionException'> (0x00000000e17d9ec0) thrown at [C:\src\AOSP-openjdk-git\hotspot\src\share\vm\prims\jvm.cpp, line 1502]
Event: 0.881 Thread 0x00000000022b3000 Exception <a 'java/lang/ArrayIndexOutOfBoundsException'> (0x00000000e0dfa910) thrown at [C:\src\AOSP-openjdk-git\hotspot\src\share\vm\runtime\sharedRuntime.cpp, line 605]
Event: 1.093 Thread 0x00000000022b3000 Exception <a 'java/lang/ArrayIndexOutOfBoundsException'> (0x00000000e1805690) thrown at [C:\src\AOSP-openjdk-git\hotspot\src\share\vm\runtime\sharedRuntime.cpp, line 605]
Event: 1.742 Thread 0x00000000022b3000 Exception <a 'java/lang/NoSuchMethodError': java.lang.Object.lambda$static$0()J> (0x00000000e1d31be8) thrown at [C:\src\AOSP-openjdk-git\hotspot\src\share\vm\interpreter\linkResolver.cpp, line 620]
Event: 2.011 Thread 0x00000000022b3000 Implicit null exception at 0x0000000002a9f993 to 0x0000000002a9fb0e
Event: 2.116 Thread 0x00000000022b3000 Exception <a 'java/lang/NoSuchMethodError': java.lang.Object.lambda$static$0(I)[Lorg/jetbrains/kotlin/com/intellij/openapi/editor/event/DocumentListener;> (0x00000000e1cbaee8) thrown at [C:\src\AOSP-openjdk-git\hotspot\src\share\vm\interpreter\linkResolve
Event: 2.342 Thread 0x00000000022b3000 Exception <a 'java/lang/NoSuchMethodError': java.lang.Object.lambda$static$0(I)[Lorg/jetbrains/kotlin/com/intellij/psi/PsiAnnotation;> (0x00000000e08337f8) thrown at [C:\src\AOSP-openjdk-git\hotspot\src\share\vm\interpreter\linkResolver.cpp, line 620]
Event: 2.480 Thread 0x00000000022b3000 Exception <a 'java/lang/NoSuchMethodError': java.lang.Object.lambda$static$0(I)[Lorg/jetbrains/kotlin/com/intellij/psi/PsiElement;> (0x00000000e0e8eda8) thrown at [C:\src\AOSP-openjdk-git\hotspot\src\share\vm\interpreter\linkResolver.cpp, line 620]
Event: 2.533 Thread 0x00000000022b3000 Exception <a 'java/lang/NoSuchMethodError': java.lang.Object.lambda$comparing$77a9974f$1(Ljava/util/function/Function;Ljava/lang/Object;Ljava/lang/Object;)I> (0x00000000e1050dd8) thrown at [C:\src\AOSP-openjdk-git\hotspot\src\share\vm\interpreter\linkReso

Events (10 events):
Event: 4.002 loading class org/jetbrains/kotlin/name/FqName
Event: 4.002 loading class org/jetbrains/kotlin/name/FqName done
Event: 4.002 loading class org/jetbrains/kotlin/name/FqName
Event: 4.002 loading class org/jetbrains/kotlin/name/FqName done
Event: 4.002 loading class org/jetbrains/kotlin/resolve/lazy/declarations/AbstractDeclarationProviderFactory
Event: 4.002 loading class org/jetbrains/kotlin/resolve/lazy/declarations/AbstractDeclarationProviderFactory done
Event: 4.003 loading class org/jetbrains/kotlin/resolve/lazy/declarations/FileBasedDeclarationProviderFactory$Index
Event: 4.003 loading class org/jetbrains/kotlin/resolve/lazy/declarations/FileBasedDeclarationProviderFactory$Index done
Event: 4.004 loading class org/jetbrains/kotlin/resolve/lazy/declarations/FileBasedDeclarationProviderFactory$Index
Event: 4.004 loading class org/jetbrains/kotlin/resolve/lazy/declarations/FileBasedDeclarationProviderFactory$Index done


Dynamic libraries:
0x00007ff706a80000 - 0x00007ff706ab1000 	C:\Program Files\Android\Android Studio\jre\jre\bin\java.exe
0x00007ff9b8270000 - 0x00007ff9b8465000 	C:\WINDOWS\SYSTEM32\ntdll.dll
0x00007ff9b8010000 - 0x00007ff9b80cd000 	C:\WINDOWS\System32\KERNEL32.DLL
0x00007ff9b5d70000 - 0x00007ff9b6039000 	C:\WINDOWS\System32\KERNELBASE.dll
0x00007ff9b6a10000 - 0x00007ff9b6abc000 	C:\WINDOWS\System32\ADVAPI32.dll
0x00007ff9b7bd0000 - 0x00007ff9b7c6e000 	C:\WINDOWS\System32\msvcrt.dll
0x00007ff9b7790000 - 0x00007ff9b782b000 	C:\WINDOWS\System32\sechost.dll
0x00007ff9b74b0000 - 0x00007ff9b75da000 	C:\WINDOWS\System32\RPCRT4.dll
0x00007ff9b7a30000 - 0x00007ff9b7bd0000 	C:\WINDOWS\System32\USER32.dll
0x00007ff9b6040000 - 0x00007ff9b6062000 	C:\WINDOWS\System32\win32u.dll
0x00007ff9b7d70000 - 0x00007ff9b7d9a000 	C:\WINDOWS\System32\GDI32.dll
0x00007ff9b5bd0000 - 0x00007ff9b5cdb000 	C:\WINDOWS\System32\gdi32full.dll
0x00007ff9b59a0000 - 0x00007ff9b5a3d000 	C:\WINDOWS\System32\msvcp_win.dll
0x00007ff9b61d0000 - 0x00007ff9b62d0000 	C:\WINDOWS\System32\ucrtbase.dll
0x00007ff98f120000 - 0x00007ff98f3ba000 	C:\WINDOWS\WinSxS\amd64_microsoft.windows.common-controls_6595b64144ccf1df_6.0.19041.1110_none_60b5254171f9507e\COMCTL32.dll
0x00007ff9b7120000 - 0x00007ff9b7150000 	C:\WINDOWS\System32\IMM32.DLL
0x0000000068b50000 - 0x0000000068c22000 	C:\Program Files\Android\Android Studio\jre\jre\bin\msvcr100.dll
0x0000000068c30000 - 0x000000006947b000 	C:\Program Files\Android\Android Studio\jre\jre\bin\server\jvm.dll
0x00007ff9b7e50000 - 0x00007ff9b7e58000 	C:\WINDOWS\System32\PSAPI.DLL
0x00007ff990760000 - 0x00007ff990787000 	C:\WINDOWS\SYSTEM32\WINMM.dll
0x00007ff99b240000 - 0x00007ff99b249000 	C:\WINDOWS\SYSTEM32\WSOCK32.dll
0x00007ff9a4410000 - 0x00007ff9a441a000 	C:\WINDOWS\SYSTEM32\VERSION.dll
0x00007ff9b8130000 - 0x00007ff9b819b000 	C:\WINDOWS\System32\WS2_32.dll
0x00007ff9adf70000 - 0x00007ff9adf7f000 	C:\Program Files\Android\Android Studio\jre\jre\bin\verify.dll
0x00007ff9a15b0000 - 0x00007ff9a15d9000 	C:\Program Files\Android\Android Studio\jre\jre\bin\java.dll
0x00007ff9a3830000 - 0x00007ff9a3846000 	C:\Program Files\Android\Android Studio\jre\jre\bin\zip.dll
0x00007ff9b62d0000 - 0x00007ff9b6a0f000 	C:\WINDOWS\System32\SHELL32.dll
0x00007ff9b3a90000 - 0x00007ff9b4220000 	C:\WINDOWS\SYSTEM32\windows.storage.dll
0x00007ff9b7150000 - 0x00007ff9b74a5000 	C:\WINDOWS\System32\combase.dll
0x00007ff9b5400000 - 0x00007ff9b542c000 	C:\WINDOWS\SYSTEM32\Wldp.dll
0x00007ff9b7010000 - 0x00007ff9b70be000 	C:\WINDOWS\System32\SHCORE.dll
0x00007ff9b70c0000 - 0x00007ff9b7115000 	C:\WINDOWS\System32\shlwapi.dll
0x00007ff9b58e0000 - 0x00007ff9b58ff000 	C:\WINDOWS\SYSTEM32\profapi.dll
0x00007ff9a1590000 - 0x00007ff9a15aa000 	C:\Program Files\Android\Android Studio\jre\jre\bin\net.dll
0x00007ff9b50f0000 - 0x00007ff9b515a000 	C:\WINDOWS\system32\mswsock.dll
0x00007ff9a1570000 - 0x00007ff9a1583000 	C:\Program Files\Android\Android Studio\jre\jre\bin\nio.dll

VM Arguments:
java_command: org.jetbrains.kotlin.cli.jvm.K2JVMCompiler @C:\Users\USER\AndroidStudioProjects\NYTimes\app\build\20210912_4944099332486799665.compiler.options
java_class_path (initial): C:\Users\USER\.gradle\caches\modules-2\files-2.1\org.jetbrains.kotlin\kotlin-compiler-embeddable\1.4.32\b4fc9be460ca88eecea2303e142ce2920bd14775\kotlin-compiler-embeddable-1.4.32.jar;C:\Users\USER\.gradle\caches\modules-2\files-2.1\org.jetbrains.kotlin\kotlin-reflect\1.4.32\ce852b166d97f0f1991b5130c2bb02e2ef6c554e\kotlin-reflect-1.4.32.jar;C:\Users\USER\.gradle\caches\modules-2\files-2.1\org.jetbrains.kotlin\kotlin-stdlib\1.4.32\461367948840adbb0839c51d91ed74ef4a9ccb52\kotlin-stdlib-1.4.32.jar;C:\Users\USER\.gradle\caches\modules-2\files-2.1\org.jetbrains.kotlin\kotlin-script-runtime\1.4.32\bac50b0748be017dbc13fc1cb7231b1c9da0e106\kotlin-script-runtime-1.4.32.jar;C:\Users\USER\.gradle\caches\modules-2\files-2.1\org.jetbrains.kotlin\kotlin-daemon-embeddable\1.4.32\b40c5de5adea26ebb4e5fc36945c482ac20acee2\kotlin-daemon-embeddable-1.4.32.jar;C:\Users\USER\.gradle\caches\modules-2\files-2.1\org.jetbrains.intellij.deps\trove4j\1.0.20181211\216c2e14b070f334479d800987affe4054cd563f\trove4j-1.0.20181211.jar;C:\Users\USER\.gradle\caches\modules-2\files-2.1\org.jetbrains.kotlin\kotlin-stdlib-common\1.4.32\ef50bfa2c0491a11dcc35d9822edbfd6170e1ea2\kotlin-stdlib-common-1.4.32.jar;C:\Users\USER\.gradle\caches\modules-2\files-2.1\org.jetbrains\annotations\13.0\919f0dfe192fb4e063e7dacadee7f8bb9a2672a9\annotations-13.0.jar;C:\Program Files\Android\Android Studio\jre\lib\tools.jar
Launcher Type: SUN_STANDARD

Environment Variables:
JAVA_HOME=C:\Program Files\Java\jdk1.8.0_261
PATH=C:\DevSuiteHome1\jdk\jre\bin\client;C:\Program Files\Java\jdk1.8.0_261\bin;C:\oraclexe\app\oracle\product\11.2.0\server\bin;C:\DevSuiteHome1\jlib;C:\DevSuiteHome1\bin;C:\DevSuiteHome1\jre\1.4.2\bin\client;C:\DevSuiteHome1\jre\1.4.2\bin;C:\DevSuiteHome1\jdk\jre\bin\classic;C:\DevSuiteHome1\jdk\jre\bin;C:\Program Files\Microsoft MPI\Bin\;C:\WINDOWS\system32;C:\WINDOWS;C:\WINDOWS\System32\Wbem;C:\WINDOWS\System32\WindowsPowerShell\v1.0\;C:\WINDOWS\System32\OpenSSH\;C:\Program Files\nodejs\;C:\ProgramData\chocolatey\bin;C:\Program Files\Git\cmd;C:\Android\Dart\dart-sdk\bin;C:\Program Files\PostgreSQL\13\bin;C:\xampp\php;C:\composer;C:\Program Files\dotnet\;C:\HashiCorp\Vagrant\bin;C:\Program Files (x86)\DevDesktop\drush_10;C:\Program Files (x86)\Google\Cloud SDK\google-cloud-sdk\bin;C:\Program Files (x86)\Intel\Intel(R) Management Engine Components\DAL;C:\Program Files\Intel\Intel(R) Management Engine Components\DAL;C:\Users\USER\anaconda3;C:\Users\USER\anaconda3\Library\mingw-w64\bin;C:\Users\USER\anaconda3\Library\usr\bin;C:\Users\USER\anaconda3\Library\bin;C:\Users\USER\anaconda3\Scripts;C:\Users\USER\AppData\Local\Microsoft\WindowsApps;C:\Users\USER\AppData\Local\Programs\Microsoft VS Code\bin;C:\Users\USER\AppData\Roaming\npm;C:\Users\USER\AppData\Local\GitHubDesktop\bin;C:\Users\USER\AppData\Roaming\Composer\vendor\bin;C:\Android\flutter\bin;C:\Users\USER\AppData\Local\Android\Sdk\platform-tools;C:\Users\USER\AppData\Local\Microsoft\WindowsApps
USERNAME=USER
OS=Windows_NT
PROCESSOR_IDENTIFIER=Intel64 Family 6 Model 78 Stepping 3, GenuineIntel



---------------  S Y S T E M  ---------------

OS: Windows 10.0 , 64 bit Build 19041 (10.0.19041.1151)

CPU:total 4 (initial active 4) (2 cores per cpu, 2 threads per core) family 6 model 78 stepping 3, cmov, cx8, fxsr, mmx, sse, sse2, sse3, ssse3, sse4.1, sse4.2, popcnt, avx, avx2, aes, clmul, erms, 3dnowpref, lzcnt, ht, tsc, tscinvbit, bmi1, bmi2, adx

Memory: 4k page, physical 6185556k(505740k free), swap 9769556k(5716k free)

vm_info: OpenJDK 64-Bit Server VM (25.242-b01) for windows-amd64 JRE (1.8.0_242-release-1644-b01), built by "builder" with MS VC++ 10.0 (VS2010)

time: Sun Sep 12 23:11:13 2021
timezone: South Africa Standard Time
elapsed time: 4 seconds (0d 0h 0m 4s)

